2021-05-19 15:34:21 ErrorRecord.java DEBUG Debug Message!
2021-05-19 15:34:21 ErrorRecord.java INFO Info Message!
2021-05-19 15:34:21 ErrorRecord.java WARN Warn Message!
2021-05-19 15:34:21 ErrorRecord.java ERROR Error nihao 你好!
2021-05-19 15:34:21 ErrorRecord.java FATAL Fatal Message!
2021-05-19 15:35:38 ErrorRecord.java WARN Warn Message!
2021-05-19 15:35:38 ErrorRecord.java ERROR Error nihao 你好!
2021-05-19 15:35:38 ErrorRecord.java FATAL Fatal Message!
2021-05-19 15:40:58 ErrorRecord.java DEBUG Debug Message!
2021-05-19 15:40:58 ErrorRecord.java INFO Info Message!
2021-05-19 15:40:58 ErrorRecord.java WARN Warn Message!
2021-05-19 15:40:58 ErrorRecord.java ERROR Error nihao 你好!
2021-05-19 15:40:58 ErrorRecord.java FATAL Fatal Message!
2021-05-19 15:41:19 ErrorRecord.java DEBUG Debug Message!
2021-05-19 15:41:19 ErrorRecord.java INFO Info Message!
2021-05-19 15:41:19 ErrorRecord.java WARN Warn Message!
2021-05-19 15:41:19 ErrorRecord.java ERROR Error nihao 你好!
2021-05-19 15:41:19 ErrorRecord.java FATAL Fatal Message!
2021-05-19 15:42:46 ErrorRecord.java DEBUG Debug Message!
2021-05-19 15:42:46 ErrorRecord.java INFO Info Message!
2021-05-19 15:42:46 ErrorRecord.java WARN Warn Message!
2021-05-19 15:42:46 ErrorRecord.java ERROR Error nihao 你好!
2021-05-19 15:42:46 ErrorRecord.java FATAL Fatal Message!
2021-05-20 09:51:26 ErrorRecord.java DEBUG Debug Message!
2021-05-20 09:51:26 ErrorRecord.java INFO Info Message!
2021-05-20 09:51:26 ErrorRecord.java WARN Warn Message!
2021-05-20 09:51:26 ErrorRecord.java ERROR Error nihao 你好!
2021-05-20 09:51:26 ErrorRecord.java FATAL Fatal Message!
2021-05-20 09:53:26 ErrorRecord.java DEBUG Debug Message!
2021-05-20 09:53:26 ErrorRecord.java INFO Info Message!
2021-05-20 09:53:26 ErrorRecord.java WARN Warn Message!
2021-05-20 09:53:26 ErrorRecord.java ERROR Error nihao 你好!
2021-05-20 09:53:26 ErrorRecord.java FATAL Fatal Message!
2021-05-20 09:57:55 ErrorRecord.java DEBUG Debug Message!
2021-05-20 09:57:55 ErrorRecord.java INFO Info Message!
2021-05-20 09:57:55 ErrorRecord.java WARN Warn Message!
2021-05-20 09:57:55 ErrorRecord.java ERROR Error nihao 你好!
2021-05-20 09:57:55 ErrorRecord.java FATAL Fatal Message!
2021-05-20 09:58:47 ErrorRecord.java DEBUG Debug Message!
2021-05-20 09:58:47 ErrorRecord.java INFO Info Message!
2021-05-20 09:58:47 ErrorRecord.java WARN Warn Message!
2021-05-20 09:58:47 ErrorRecord.java ERROR Error nihao 你好!
2021-05-20 09:58:47 ErrorRecord.java FATAL Fatal Message!
2021-05-20 09:59:22 ErrorRecord.java DEBUG Debug Message!
2021-05-20 09:59:22 ErrorRecord.java INFO Info Message!
2021-05-20 09:59:22 ErrorRecord.java WARN Warn Message!
2021-05-20 09:59:22 ErrorRecord.java ERROR Error nihao 你好!
2021-05-20 09:59:22 ErrorRecord.java FATAL Fatal Message!
2021-05-20 10:00:10 ErrorRecord.java DEBUG Debug Message!
2021-05-20 10:00:10 ErrorRecord.java INFO Info Message!
2021-05-20 10:00:10 ErrorRecord.java WARN Warn Message!
2021-05-20 10:00:10 ErrorRecord.java ERROR Error nihao 你好!
2021-05-20 10:00:10 ErrorRecord.java FATAL Fatal Message!
2021-05-20 10:00:40 ErrorRecord.java DEBUG Debug Message!
2021-05-20 10:00:40 ErrorRecord.java INFO Info Message!
2021-05-20 10:00:40 ErrorRecord.java WARN Warn Message!
2021-05-20 10:00:40 ErrorRecord.java ERROR Error nihao 你好!
2021-05-20 10:00:40 ErrorRecord.java FATAL Fatal Message!
2021-05-20 10:01:02 ErrorRecord.java TRACE Trace Message!
2021-05-20 10:01:02 ErrorRecord.java DEBUG Debug Message!
2021-05-20 10:01:02 ErrorRecord.java INFO Info Message!
2021-05-20 10:01:02 ErrorRecord.java WARN Warn Message!
2021-05-20 10:01:02 ErrorRecord.java ERROR Error nihao 你好!
2021-05-20 10:01:02 ErrorRecord.java FATAL Fatal Message!
2021-05-20 10:01:41 ErrorRecord.java TRACE Trace Message!
2021-05-20 10:01:41 ErrorRecord.java DEBUG Debug Message!
2021-05-20 10:01:41 ErrorRecord.java INFO Info Message!
2021-05-20 10:01:41 ErrorRecord.java WARN Warn Message!
2021-05-20 10:01:41 ErrorRecord.java ERROR Error nihao 你好!
2021-05-20 10:01:41 ErrorRecord.java FATAL Fatal Message!
2021-05-20 10:13:36 ErrorRecord.java TRACE Trace Message!
2021-05-20 10:13:36 ErrorRecord.java DEBUG Debug Message!
2021-05-20 10:13:36 ErrorRecord.java INFO Info Message!
2021-05-20 10:13:36 ErrorRecord.java WARN Warn Message!
2021-05-20 10:13:36 ErrorRecord.java ERROR Error nihao 你好!
2021-05-20 10:13:36 ErrorRecord.java FATAL Fatal Message!
2021-05-20 10:23:05 ErrorRecord.java TRACE Trace Message!
2021-05-20 10:23:05 ErrorRecord.java DEBUG Debug Message!
2021-05-20 10:23:05 ErrorRecord.java INFO Info Message!
2021-05-20 10:23:05 ErrorRecord.java WARN Warn Message!
2021-05-20 10:23:05 ErrorRecord.java ERROR Error nihao 你好!
2021-05-20 10:23:05 ErrorRecord.java FATAL Fatal Message!
2021-06-28 11:45:36 ErrorRecord.java TRACE Trace Message!
2021-06-28 11:45:36 ErrorRecord.java DEBUG Debug Message!
2021-06-28 11:45:36 ErrorRecord.java INFO Info Message!
2021-06-28 11:45:36 ErrorRecord.java WARN Warn Message!
2021-06-28 11:45:36 ErrorRecord.java ERROR Error nihao 你好!
2021-06-28 11:45:36 ErrorRecord.java FATAL Fatal Message!
2021-07-09 18:37:49 ErrorRecord.java TRACE Trace Message!
2021-07-09 18:37:49 ErrorRecord.java DEBUG Debug Message!
2021-07-09 18:37:49 ErrorRecord.java INFO Info Message!
2021-07-09 18:37:49 ErrorRecord.java WARN Warn Message!
2021-07-09 18:37:49 ErrorRecord.java ERROR Error nihao 你好!
2021-07-09 18:37:49 ErrorRecord.java FATAL Fatal Message!
2021-07-09 18:40:58 ErrorRecord.java TRACE Trace Message!
2021-07-09 18:40:58 ErrorRecord.java DEBUG Debug Message!
2021-07-09 18:40:58 ErrorRecord.java INFO Info Message!
2021-07-09 18:40:58 ErrorRecord.java WARN Warn Message!
2021-07-09 18:40:58 ErrorRecord.java ERROR Error nihao 你好!
2021-07-09 18:40:58 ErrorRecord.java FATAL Fatal Message!
